# JRE version: Java(TM) SE Runtime Environment (8.0_74-b02) (build 1.8.0_74-b02)
# Java VM: Java HotSpot(TM) 64-Bit Server VM (25.74-b02 mixed mode windows-amd64 compressed oops)
Heap:
 PSYoungGen      total 363520K, used 244792K [0x00000000e0000000, 0x0000000100000000, 0x0000000100000000)
  eden space 305152K, 72% used [0x00000000e0000000,0x00000000ed6d61e0,0x00000000f2a00000)
  from space 58368K, 42% used [0x00000000fc700000,0x00000000fdf38050,0x0000000100000000)
  to   space 109568K, 0% used [0x00000000f2a00000,0x00000000f2a00000,0x00000000f9500000)
 ParOldGen       total 137728K, used 137676K [0x00000000a0000000, 0x00000000a8680000, 0x00000000e0000000)
  object space 137728K, 99% used [0x00000000a0000000,0x00000000a86732c0,0x00000000a8680000)
 Metaspace       used 69770K, capacity 71848K, committed 72192K, reserved 1112064K
  class space    used 8927K, capacity 9344K, committed 9472K, reserved 1048576K
GC Heap History (10 events):
Event: 236.757 GC heap before
{Heap before GC invocations=36 (full 11):
 PSYoungGen      total 462848K, used 424506K [0x00000000e0000000, 0x00000000ffb00000, 0x0000000100000000)
  eden space 411648K, 100% used [0x00000000e0000000,0x00000000f9200000,0x00000000f9200000)
  from space 51200K, 25% used [0x00000000fc900000,0x00000000fd58e980,0x00000000ffb00000)
  to   space 53760K, 0% used [0x00000000f9200000,0x00000000f9200000,0x00000000fc680000)
 ParOldGen       total 137728K, used 41167K [0x00000000a0000000, 0x00000000a8680000, 0x00000000e0000000)
  object space 137728K, 29% used [0x00000000a0000000,0x00000000a2833e28,0x00000000a8680000)
 Metaspace       used 69478K, capacity 71556K, committed 71808K, reserved 1112064K
  class space    used 8876K, capacity 9318K, committed 9344K, reserved 1048576K
Event: 236.809 GC heap after
Heap after GC invocations=36 (full 11):
 PSYoungGen      total 465408K, used 8420K [0x00000000e0000000, 0x00000000ffe80000, 0x0000000100000000)
  eden space 411648K, 0% used [0x00000000e0000000,0x00000000e0000000,0x00000000f9200000)
  from space 53760K, 15% used [0x00000000f9200000,0x00000000f9a390a0,0x00000000fc680000)
  to   space 51712K, 0% used [0x00000000fcc00000,0x00000000fcc00000,0x00000000ffe80000)
 ParOldGen       total 137728K, used 41175K [0x00000000a0000000, 0x00000000a8680000, 0x00000000e0000000)
  object space 137728K, 29% used [0x00000000a0000000,0x00000000a2835e28,0x00000000a8680000)
 Metaspace       used 69478K, capacity 71556K, committed 71808K, reserved 1112064K
  class space    used 8876K, capacity 9318K, committed 9344K, reserved 1048576K
}
Event: 240.262 GC heap before
{Heap before GC invocations=37 (full 11):
 PSYoungGen      total 465408K, used 420068K [0x00000000e0000000, 0x00000000ffe80000, 0x0000000100000000)
  eden space 411648K, 100% used [0x00000000e0000000,0x00000000f9200000,0x00000000f9200000)
  from space 53760K, 15% used [0x00000000f9200000,0x00000000f9a390a0,0x00000000fc680000)
  to   space 51712K, 0% used [0x00000000fcc00000,0x00000000fcc00000,0x00000000ffe80000)
 ParOldGen       total 137728K, used 41175K [0x00000000a0000000, 0x00000000a8680000, 0x00000000e0000000)
  object space 137728K, 29% used [0x00000000a0000000,0x00000000a2835e28,0x00000000a8680000)
 Metaspace       used 69822K, capacity 71956K, committed 72192K, reserved 1112064K
  class space    used 8937K, capacity 9384K, committed 9472K, reserved 1048576K
Event: 240.312 GC heap after
Heap after GC invocations=37 (full 11):
 PSYoungGen      total 459264K, used 44754K [0x00000000e0000000, 0x0000000100000000, 0x0000000100000000)
  eden space 407552K, 0% used [0x00000000e0000000,0x00000000e0000000,0x00000000f8e00000)
  from space 51712K, 86% used [0x00000000fcc00000,0x00000000ff7b48c0,0x00000000ffe80000)
  to   space 58368K, 0% used [0x00000000f8e00000,0x00000000f8e00000,0x00000000fc700000)
 ParOldGen       total 137728K, used 41175K [0x00000000a0000000, 0x00000000a8680000, 0x00000000e0000000)
  object space 137728K, 29% used [0x00000000a0000000,0x00000000a2835e28,0x00000000a8680000)
 Metaspace       used 69822K, capacity 71956K, committed 72192K, reserved 1112064K
  class space    used 8937K, capacity 9384K, committed 9472K, reserved 1048576K
}
Event: 240.875 GC heap before
{Heap before GC invocations=38 (full 11):
 PSYoungGen      total 459264K, used 452306K [0x00000000e0000000, 0x0000000100000000, 0x0000000100000000)
  eden space 407552K, 100% used [0x00000000e0000000,0x00000000f8e00000,0x00000000f8e00000)
  from space 51712K, 86% used [0x00000000fcc00000,0x00000000ff7b48c0,0x00000000ffe80000)
  to   space 58368K, 0% used [0x00000000f8e00000,0x00000000f8e00000,0x00000000fc700000)
 ParOldGen       total 137728K, used 41175K [0x00000000a0000000, 0x00000000a8680000, 0x00000000e0000000)
  object space 137728K, 29% used [0x00000000a0000000,0x00000000a2835e28,0x00000000a8680000)
 Metaspace       used 69827K, capacity 71956K, committed 72192K, reserved 1112064K
  class space    used 8937K, capacity 9384K, committed 9472K, reserved 1048576K
Event: 241.006 GC heap after
Heap after GC invocations=38 (full 11):
 PSYoungGen      total 465920K, used 58343K [0x00000000e0000000, 0x0000000100000000, 0x0000000100000000)
  eden space 407552K, 0% used [0x00000000e0000000,0x00000000e0000000,0x00000000f8e00000)
  from space 58368K, 99% used [0x00000000f8e00000,0x00000000fc6f9dd8,0x00000000fc700000)
  to   space 58368K, 0% used [0x00000000fc700000,0x00000000fc700000,0x0000000100000000)
 ParOldGen       total 137728K, used 86156K [0x00000000a0000000, 0x00000000a8680000, 0x00000000e0000000)
  object space 137728K, 62% used [0x00000000a0000000,0x00000000a54231f8,0x00000000a8680000)
 Metaspace       used 69827K, capacity 71956K, committed 72192K, reserved 1112064K
  class space    used 8937K, capacity 9384K, committed 9472K, reserved 1048576K
}
Event: 241.824 GC heap before
{Heap before GC invocations=39 (full 11):
 PSYoungGen      total 465920K, used 465895K [0x00000000e0000000, 0x0000000100000000, 0x0000000100000000)
  eden space 407552K, 100% used [0x00000000e0000000,0x00000000f8e00000,0x00000000f8e00000)
  from space 58368K, 99% used [0x00000000f8e00000,0x00000000fc6f9dd8,0x00000000fc700000)
  to   space 58368K, 0% used [0x00000000fc700000,0x00000000fc700000,0x0000000100000000)
 ParOldGen       total 137728K, used 86156K [0x00000000a0000000, 0x00000000a8680000, 0x00000000e0000000)
  object space 137728K, 62% used [0x00000000a0000000,0x00000000a54231f8,0x00000000a8680000)
 Metaspace       used 69830K, capacity 71956K, committed 72192K, reserved 1112064K
  class space    used 8937K, capacity 9384K, committed 9472K, reserved 1048576K
Event: 241.982 GC heap after
Heap after GC invocations=39 (full 11):
 PSYoungGen      total 363520K, used 58359K [0x00000000e0000000, 0x0000000100000000, 0x0000000100000000)
  eden space 305152K, 0% used [0x00000000e0000000,0x00000000e0000000,0x00000000f2a00000)
  from space 58368K, 99% used [0x00000000fc700000,0x00000000ffffdcb8,0x0000000100000000)
  to   space 109568K, 0% used [0x00000000f2a00000,0x00000000f2a00000,0x00000000f9500000)
 ParOldGen       total 137728K, used 136040K [0x00000000a0000000, 0x00000000a8680000, 0x00000000e0000000)
  object space 137728K, 98% used [0x00000000a0000000,0x00000000a84da138,0x00000000a8680000)
 Metaspace       used 69830K, capacity 71956K, committed 72192K, reserved 1112064K
  class space    used 8937K, capacity 9384K, committed 9472K, reserved 1048576K
}
Event: 241.982 GC heap before
{Heap before GC invocations=40 (full 12):
 PSYoungGen      total 363520K, used 58359K [0x00000000e0000000, 0x0000000100000000, 0x0000000100000000)
  eden space 305152K, 0% used [0x00000000e0000000,0x00000000e0000000,0x00000000f2a00000)
  from space 58368K, 99% used [0x00000000fc700000,0x00000000ffffdcb8,0x0000000100000000)
  to   space 109568K, 0% used [0x00000000f2a00000,0x00000000f2a00000,0x00000000f9500000)
 ParOldGen       total 137728K, used 136040K [0x00000000a0000000, 0x00000000a8680000, 0x00000000e0000000)
  object space 137728K, 98% used [0x00000000a0000000,0x00000000a84da138,0x00000000a8680000)
 Metaspace       used 69830K, capacity 71956K, committed 72192K, reserved 1112064K
  class space    used 8937K, capacity 9384K, committed 9472K, reserved 1048576K
Event: 242.971 GC heap after
Heap after GC invocations=40 (full 12):
 PSYoungGen      total 363520K, used 24800K [0x00000000e0000000, 0x0000000100000000, 0x0000000100000000)
  eden space 305152K, 0% used [0x00000000e0000000,0x00000000e0000000,0x00000000f2a00000)
  from space 58368K, 42% used [0x00000000fc700000,0x00000000fdf38050,0x0000000100000000)
  to   space 109568K, 0% used [0x00000000f2a00000,0x00000000f2a00000,0x00000000f9500000)
 ParOldGen       total 137728K, used 137676K [0x00000000a0000000, 0x00000000a8680000, 0x00000000e0000000)
  object space 137728K, 99% used [0x00000000a0000000,0x00000000a86732c0,0x00000000a8680000)
 Metaspace       used 69755K, capacity 71848K, committed 72192K, reserved 1112064K
  class space    used 8926K, capacity 9344K, committed 9472K, reserved 1048576K
}

